#
# There is insufficient memory for the Java Runtime Environment to continue.
# Native memory allocation (malloc) failed to allocate 131088 bytes for Chunk::new
# Possible reasons:
#   The system is out of physical RAM or swap space
#   The process is running with CompressedOops enabled, and the Java Heap may be blocking the growth of the native heap
# Possible solutions:
#   Reduce memory load on the system
#   Increase physical memory or swap space
#   Check if swap backing store is full
#   Decrease Java heap size (-Xmx/-Xms)
#   Decrease number of Java threads
#   Decrease Java thread stack sizes (-Xss)
#   Set larger code cache with -XX:ReservedCodeCacheSize=
#   JVM is running with Zero Based Compressed Oops mode in which the Java heap is
#     placed in the first 32GB address space. The Java Heap base address is the
#     maximum limit for the native heap growth. Please use -XX:HeapBaseMinAddress
#     to set the Java Heap base and to place the Java Heap above 32GB virtual address.
# This output file may be truncated or incomplete.
#
#  Out of Memory Error (allocation.cpp:390), pid=11188, tid=0x0000000000002b38
#
# JRE version: Java(TM) SE Runtime Environment (8.0_201-b09) (build 1.8.0_201-b09)
# Java VM: Java HotSpot(TM) 64-Bit Server VM (25.201-b09 mixed mode windows-amd64 compressed oops)
# Failed to write core dump. Minidumps are not enabled by default on client versions of Windows
#

---------------  T H R E A D  ---------------

Current thread (0x000000001cd5b800):  JavaThread "C2 CompilerThread0" daemon [_thread_in_native, id=11064, stack(0x000000001e660000,0x000000001e760000)]

Stack: [0x000000001e660000,0x000000001e760000]
[error occurred during error reporting (printing stack bounds), id 0xc0000005]

Native frames: (J=compiled Java code, j=interpreted, Vv=VM code, C=native code)


Current CompileTask:
C2:   8652 4445   !   4       org.springframework.core.annotation.AnnotatedElementUtils::searchWithFindSemantics (774 bytes)


---------------  P R O C E S S  ---------------

Java Threads: ( => current thread )
  0x0000000022b61800 JavaThread "HikariPool-1 connection adder" daemon [_thread_blocked, id=21044, stack(0x0000000025210000,0x0000000025310000)]
  0x000000002134a800 JavaThread "HikariPool-1 housekeeper" daemon [_thread_blocked, id=14424, stack(0x0000000025110000,0x0000000025210000)]
  0x000000002284b800 JavaThread "mysql-cj-abandoned-connection-cleanup" daemon [_thread_blocked, id=21744, stack(0x0000000023880000,0x0000000023980000)]
  0x000000001e2e2800 JavaThread "surefire-forkedjvm-ping-30s" daemon [_thread_in_native, id=21708, stack(0x000000001ec60000,0x000000001ed60000)]
  0x000000001e20c800 JavaThread "surefire-forkedjvm-command-thread" daemon [_thread_in_native, id=10308, stack(0x000000001eb60000,0x000000001ec60000)]
  0x000000001e0fb800 JavaThread "Service Thread" daemon [_thread_blocked, id=12280, stack(0x000000001e960000,0x000000001ea60000)]
  0x000000001e079000 JavaThread "C1 CompilerThread2" daemon [_thread_blocked, id=16524, stack(0x000000001e860000,0x000000001e960000)]
  0x000000001e06b800 JavaThread "C2 CompilerThread1" daemon [_thread_in_native, id=10120, stack(0x000000001e760000,0x000000001e860000)]
=>0x000000001cd5b800 JavaThread "C2 CompilerThread0" daemon [_thread_in_native, id=11064, stack(0x000000001e660000,0x000000001e760000)]
  0x000000001cd5a800 JavaThread "Attach Listener" daemon [_thread_blocked, id=20712, stack(0x000000001e560000,0x000000001e660000)]
  0x000000001e068800 JavaThread "Signal Dispatcher" daemon [_thread_blocked, id=21560, stack(0x000000001e460000,0x000000001e560000)]
  0x000000000372a800 JavaThread "Finalizer" daemon [_thread_blocked, id=10944, stack(0x000000001df60000,0x000000001e060000)]
  0x0000000003722000 JavaThread "Reference Handler" daemon [_thread_blocked, id=14648, stack(0x000000001de60000,0x000000001df60000)]
  0x000000000131e000 JavaThread "main" [_thread_in_Java, id=13412, stack(0x0000000003530000,0x0000000003630000)]

Other Threads:
  0x000000001ccc7800 VMThread [stack: 0x000000001dd60000,0x000000001de60000] [id=16660]
  0x000000001e10f000 WatcherThread [stack: 0x000000001ea60000,0x000000001eb60000] [id=15020]

VM state:not at safepoint (normal execution)

VM Mutex/Monitor currently owned by a thread: None

heap address: 0x00000006c1c00000, size: 4068 MB, Compressed Oops mode: Zero based, Oop shift amount: 3
Narrow klass base: 0x0000000000000000, Narrow klass shift: 3
Compressed class space size: 1073741824 Address: 0x00000007c0000000

Heap:
 PSYoungGen      total 224256K, used 24668K [0x000000076b400000, 0x000000077a800000, 0x00000007c0000000)
  eden space 211456K, 5% used [0x000000076b400000,0x000000076bf9c198,0x0000000778280000)
  from space 12800K, 99% used [0x0000000778280000,0x0000000778efae78,0x0000000778f00000)
  to   space 12288K, 0% used [0x0000000778f00000,0x0000000778f00000,0x0000000779b00000)
 ParOldGen       total 116224K, used 20772K [0x00000006c1c00000, 0x00000006c8d80000, 0x000000076b400000)
  object space 116224K, 17% used [0x00000006c1c00000,0x00000006c30490b8,0x00000006c8d80000)
 Metaspace       used 50910K, capacity 52796K, committed 52992K, reserved 1095680K
  class space    used 7007K, capacity 7350K, committed 7424K, reserved 1048576K

Card table byte_map: [0x0000000012af0000,0x00000000132f0000] byte_map_base: 0x000000000f4e2000

Marking Bits: (ParMarkBitMap*) 0x000000006bda4ce0
 Begin Bits: [0x0000000013c40000, 0x0000000017bd0000)
 End Bits:   [0x0000000017bd0000, 0x000000001bb60000)

Polling page: 0x0000000001300000

CodeCache: size=245760Kb used=16260Kb max_used=16260Kb free=229500Kb
 bounds [0x0000000003730000, 0x0000000004720000, 0x0000000012730000]
 total_blobs=4987 nmethods=4468 adapters=431
 compilation: enabled

Compilation events (10 events):
Event: 8.635 Thread 0x000000001e079000 nmethod 4467 0x00000000046eb510 code [0x00000000046eb660, 0x00000000046eb770]
Event: 8.635 Thread 0x000000001e079000 4468       3       java.util.stream.ReferencePipeline::flatMap (30 bytes)
Event: 8.636 Thread 0x000000001e079000 nmethod 4468 0x00000000046fe4d0 code [0x00000000046fe680, 0x00000000046feb58]
Event: 8.636 Thread 0x000000001e079000 4469       3       java.util.stream.ReferencePipeline$7::<init> (20 bytes)
Event: 8.636 Thread 0x000000001e079000 nmethod 4469 0x00000000046fedd0 code [0x00000000046fef40, 0x00000000046ff1e8]
Event: 8.636 Thread 0x000000001e079000 4470       3       java.util.stream.ReferencePipeline$7::opWrapSink (10 bytes)
Event: 8.636 Thread 0x000000001e079000 nmethod 4470 0x00000000046ff350 code [0x00000000046ff4e0, 0x00000000046ff948]
Event: 8.636 Thread 0x000000001e079000 4471       3       org.springframework.core.annotation.AnnotatedElementUtils::findMergedAnnotation (50 bytes)
Event: 8.637 Thread 0x000000001e079000 nmethod 4471 0x00000000046ffbd0 code [0x00000000046ffe00, 0x0000000004700868]
Event: 8.637 Thread 0x000000001e079000 4472       3       org.springframework.data.util.Optionals$$Lambda$262/22668134::apply (8 bytes)

GC Heap History (10 events):
Event: 3.048 GC heap before
{Heap before GC invocations=5 (full 1):
 PSYoungGen      total 76288K, used 65536K [0x000000076b400000, 0x0000000774900000, 0x00000007c0000000)
  eden space 65536K, 100% used [0x000000076b400000,0x000000076f400000,0x000000076f400000)
  from space 10752K, 0% used [0x000000076f400000,0x000000076f400000,0x000000076fe80000)
  to   space 10752K, 0% used [0x0000000773e80000,0x0000000773e80000,0x0000000774900000)
 ParOldGen       total 81408K, used 6017K [0x00000006c1c00000, 0x00000006c6b80000, 0x000000076b400000)
  object space 81408K, 7% used [0x00000006c1c00000,0x00000006c21e0430,0x00000006c6b80000)
 Metaspace       used 25798K, capacity 26606K, committed 26880K, reserved 1073152K
  class space    used 3316K, capacity 3527K, committed 3584K, reserved 1048576K
Event: 3.057 GC heap after
Heap after GC invocations=5 (full 1):
 PSYoungGen      total 126976K, used 7246K [0x000000076b400000, 0x0000000774600000, 0x00000007c0000000)
  eden space 119296K, 0% used [0x000000076b400000,0x000000076b400000,0x0000000772880000)
  from space 7680K, 94% used [0x0000000773e80000,0x0000000774593a70,0x0000000774600000)
  to   space 10752K, 0% used [0x0000000773100000,0x0000000773100000,0x0000000773b80000)
 ParOldGen       total 81408K, used 6025K [0x00000006c1c00000, 0x00000006c6b80000, 0x000000076b400000)
  object space 81408K, 7% used [0x00000006c1c00000,0x00000006c21e2430,0x00000006c6b80000)
 Metaspace       used 25798K, capacity 26606K, committed 26880K, reserved 1073152K
  class space    used 3316K, capacity 3527K, committed 3584K, reserved 1048576K
}
Event: 4.323 GC heap before
{Heap before GC invocations=6 (full 1):
 PSYoungGen      total 126976K, used 126542K [0x000000076b400000, 0x0000000774600000, 0x00000007c0000000)
  eden space 119296K, 100% used [0x000000076b400000,0x0000000772880000,0x0000000772880000)
  from space 7680K, 94% used [0x0000000773e80000,0x0000000774593a70,0x0000000774600000)
  to   space 10752K, 0% used [0x0000000773100000,0x0000000773100000,0x0000000773b80000)
 ParOldGen       total 81408K, used 6025K [0x00000006c1c00000, 0x00000006c6b80000, 0x000000076b400000)
  object space 81408K, 7% used [0x00000006c1c00000,0x00000006c21e2430,0x00000006c6b80000)
 Metaspace       used 30933K, capacity 32066K, committed 32256K, reserved 1077248K
  class space    used 4005K, capacity 4263K, committed 4352K, reserved 1048576K
Event: 4.333 GC heap after
Heap after GC invocations=6 (full 1):
 PSYoungGen      total 138752K, used 10126K [0x000000076b400000, 0x0000000779b00000, 0x00000007c0000000)
  eden space 128000K, 0% used [0x000000076b400000,0x000000076b400000,0x0000000773100000)
  from space 10752K, 94% used [0x0000000773100000,0x0000000773ae3a98,0x0000000773b80000)
  to   space 12288K, 0% used [0x0000000778f00000,0x0000000778f00000,0x0000000779b00000)
 ParOldGen       total 81408K, used 6097K [0x00000006c1c00000, 0x00000006c6b80000, 0x000000076b400000)
  object space 81408K, 7% used [0x00000006c1c00000,0x00000006c21f4440,0x00000006c6b80000)
 Metaspace       used 30933K, capacity 32066K, committed 32256K, reserved 1077248K
  class space    used 4005K, capacity 4263K, committed 4352K, reserved 1048576K
}
Event: 5.086 GC heap before
{Heap before GC invocations=7 (full 1):
 PSYoungGen      total 138752K, used 68765K [0x000000076b400000, 0x0000000779b00000, 0x00000007c0000000)
  eden space 128000K, 45% used [0x000000076b400000,0x000000076ed43cf8,0x0000000773100000)
  from space 10752K, 94% used [0x0000000773100000,0x0000000773ae3a98,0x0000000773b80000)
  to   space 12288K, 0% used [0x0000000778f00000,0x0000000778f00000,0x0000000779b00000)
 ParOldGen       total 81408K, used 6097K [0x00000006c1c00000, 0x00000006c6b80000, 0x000000076b400000)
  object space 81408K, 7% used [0x00000006c1c00000,0x00000006c21f4440,0x00000006c6b80000)
 Metaspace       used 33999K, capacity 35334K, committed 35456K, reserved 1079296K
  class space    used 4376K, capacity 4647K, committed 4736K, reserved 1048576K
Event: 5.098 GC heap after
Heap after GC invocations=7 (full 1):
 PSYoungGen      total 223744K, used 10393K [0x000000076b400000, 0x000000077a800000, 0x00000007c0000000)
  eden space 211456K, 0% used [0x000000076b400000,0x000000076b400000,0x0000000778280000)
  from space 12288K, 84% used [0x0000000778f00000,0x0000000779926698,0x0000000779b00000)
  to   space 12800K, 0% used [0x0000000778280000,0x0000000778280000,0x0000000778f00000)
 ParOldGen       total 81408K, used 6105K [0x00000006c1c00000, 0x00000006c6b80000, 0x000000076b400000)
  object space 81408K, 7% used [0x00000006c1c00000,0x00000006c21f6440,0x00000006c6b80000)
 Metaspace       used 33999K, capacity 35334K, committed 35456K, reserved 1079296K
  class space    used 4376K, capacity 4647K, committed 4736K, reserved 1048576K
}
Event: 5.098 GC heap before
{Heap before GC invocations=8 (full 2):
 PSYoungGen      total 223744K, used 10393K [0x000000076b400000, 0x000000077a800000, 0x00000007c0000000)
  eden space 211456K, 0% used [0x000000076b400000,0x000000076b400000,0x0000000778280000)
  from space 12288K, 84% used [0x0000000778f00000,0x0000000779926698,0x0000000779b00000)
  to   space 12800K, 0% used [0x0000000778280000,0x0000000778280000,0x0000000778f00000)
 ParOldGen       total 81408K, used 6105K [0x00000006c1c00000, 0x00000006c6b80000, 0x000000076b400000)
  object space 81408K, 7% used [0x00000006c1c00000,0x00000006c21f6440,0x00000006c6b80000)
 Metaspace       used 33999K, capacity 35334K, committed 35456K, reserved 1079296K
  class space    used 4376K, capacity 4647K, committed 4736K, reserved 1048576K
Event: 5.153 GC heap after
Heap after GC invocations=8 (full 2):
 PSYoungGen      total 223744K, used 0K [0x000000076b400000, 0x000000077a800000, 0x00000007c0000000)
  eden space 211456K, 0% used [0x000000076b400000,0x000000076b400000,0x0000000778280000)
  from space 12288K, 0% used [0x0000000778f00000,0x0000000778f00000,0x0000000779b00000)
  to   space 12800K, 0% used [0x0000000778280000,0x0000000778280000,0x0000000778f00000)
 ParOldGen       total 116224K, used 15062K [0x00000006c1c00000, 0x00000006c8d80000, 0x000000076b400000)
  object space 116224K, 12% used [0x00000006c1c00000,0x00000006c2ab5828,0x00000006c8d80000)
 Metaspace       used 33999K, capacity 35334K, committed 35456K, reserved 1079296K
  class space    used 4376K, capacity 4647K, committed 4736K, reserved 1048576K
}
Event: 8.500 GC heap before
{Heap before GC invocations=9 (full 2):
 PSYoungGen      total 223744K, used 211456K [0x000000076b400000, 0x000000077a800000, 0x00000007c0000000)
  eden space 211456K, 100% used [0x000000076b400000,0x0000000778280000,0x0000000778280000)
  from space 12288K, 0% used [0x0000000778f00000,0x0000000778f00000,0x0000000779b00000)
  to   space 12800K, 0% used [0x0000000778280000,0x0000000778280000,0x0000000778f00000)
 ParOldGen       total 116224K, used 15062K [0x00000006c1c00000, 0x00000006c8d80000, 0x000000076b400000)
  object space 116224K, 12% used [0x00000006c1c00000,0x00000006c2ab5828,0x00000006c8d80000)
 Metaspace       used 50206K, capacity 52080K, committed 52352K, reserved 1093632K
  class space    used 6915K, capacity 7262K, committed 7296K, reserved 1048576K
Event: 8.519 GC heap after
Heap after GC invocations=9 (full 2):
 PSYoungGen      total 224256K, used 12779K [0x000000076b400000, 0x000000077a800000, 0x00000007c0000000)
  eden space 211456K, 0% used [0x000000076b400000,0x000000076b400000,0x0000000778280000)
  from space 12800K, 99% used [0x0000000778280000,0x0000000778efae78,0x0000000778f00000)
  to   space 12288K, 0% used [0x0000000778f00000,0x0000000778f00000,0x0000000779b00000)
 ParOldGen       total 116224K, used 20772K [0x00000006c1c00000, 0x00000006c8d80000, 0x000000076b400000)
  object space 116224K, 17% used [0x00000006c1c00000,0x00000006c30490b8,0x00000006c8d80000)
 Metaspace       used 50206K, capacity 52080K, committed 52352K, reserved 1093632K
  class space    used 6915K, capacity 7262K, committed 7296K, reserved 1048576K
}

Deoptimization events (10 events):
Event: 8.138 Thread 0x000000000131e000 Uncommon trap: reason=class_check action=maybe_recompile pc=0x00000000042845f8 method=org.springframework.beans.factory.support.AbstractBeanFactory.isTypeMatch(Ljava/lang/String;Lorg/springframework/core/ResolvableType;)Z @ 47
Event: 8.258 Thread 0x000000000131e000 Uncommon trap: reason=class_check action=maybe_recompile pc=0x00000000042845f8 method=org.springframework.beans.factory.support.AbstractBeanFactory.isTypeMatch(Ljava/lang/String;Lorg/springframework/core/ResolvableType;)Z @ 47
Event: 8.391 Thread 0x000000000131e000 Uncommon trap: reason=unstable_if action=reinterpret pc=0x0000000003bff42c method=org.springframework.util.ConcurrentReferenceHashMap$Segment.restructureIfNecessary(Z)V @ 34
Event: 8.421 Thread 0x000000000131e000 Uncommon trap: reason=class_check action=maybe_recompile pc=0x000000000466bebc method=org.springframework.core.annotation.AnnotationUtils.hasPlainJavaAnnotationsOnly(Ljava/lang/Object;)Z @ 16
Event: 8.421 Thread 0x000000000131e000 Uncommon trap: reason=class_check action=maybe_recompile pc=0x000000000466bebc method=org.springframework.core.annotation.AnnotationUtils.hasPlainJavaAnnotationsOnly(Ljava/lang/Object;)Z @ 16
Event: 8.422 Thread 0x000000000131e000 Uncommon trap: reason=class_check action=maybe_recompile pc=0x000000000466bebc method=org.springframework.core.annotation.AnnotationUtils.hasPlainJavaAnnotationsOnly(Ljava/lang/Object;)Z @ 16
Event: 8.422 Thread 0x000000000131e000 Uncommon trap: reason=class_check action=maybe_recompile pc=0x000000000466bebc method=org.springframework.core.annotation.AnnotationUtils.hasPlainJavaAnnotationsOnly(Ljava/lang/Object;)Z @ 16
Event: 8.589 Thread 0x000000001e2e2800 Uncommon trap: reason=unstable_if action=reinterpret pc=0x00000000043e2ba0 method=java.lang.Character.isHighSurrogate(C)Z @ 3
Event: 8.589 Thread 0x000000001e2e2800 Uncommon trap: reason=unstable_if action=reinterpret pc=0x00000000043e01f4 method=java.lang.Character.isHighSurrogate(C)Z @ 3
Event: 8.606 Thread 0x000000000131e000 Uncommon trap: reason=class_check action=maybe_recompile pc=0x00000000042845f8 method=org.springframework.beans.factory.support.AbstractBeanFactory.isTypeMatch(Ljava/lang/String;Lorg/springframework/core/ResolvableType;)Z @ 47

Classes redefined (0 events):
No events

Internal exceptions (10 events):
Event: 8.608 Thread 0x000000000131e000 Exception <a 'java/lang/ClassNotFoundException': java/lang/ObjectCustomizer> (0x000000076bb25de8) thrown at [C:\re\workspace\8-2-build-windows-amd64-cygwin\jdk8u201\12322\hotspot\src\share\vm\classfile\systemDictionary.cpp, line 210]
Event: 8.609 Thread 0x000000000131e000 Exception <a 'java/lang/ClassNotFoundException': com/liwinon/phoneScanning/QiyeWX/api/WXapiCustomizer> (0x000000076bc00dd8) thrown at [C:\re\workspace\8-2-build-windows-amd64-cygwin\jdk8u201\12322\hotspot\src\share\vm\classfile\systemDictionary.cpp, line 
Event: 8.613 Thread 0x000000000131e000 Exception <a 'java/lang/ClassNotFoundException': java/lang/ObjectCustomizer> (0x000000076bc2f968) thrown at [C:\re\workspace\8-2-build-windows-amd64-cygwin\jdk8u201\12322\hotspot\src\share\vm\classfile\systemDictionary.cpp, line 210]
Event: 8.613 Thread 0x000000000131e000 Exception <a 'java/lang/ClassNotFoundException': com/liwinon/phoneScanning/QiyeWX/api/WxServiceImplCustomizer> (0x000000076bc4f6d8) thrown at [C:\re\workspace\8-2-build-windows-amd64-cygwin\jdk8u201\12322\hotspot\src\share\vm\classfile\systemDictionary.cp
Event: 8.614 Thread 0x000000000131e000 Exception <a 'java/lang/ClassNotFoundException': com/liwinon/phoneScanning/QiyeWX/api/WxServiceCustomizer> (0x000000076bc71810) thrown at [C:\re\workspace\8-2-build-windows-amd64-cygwin\jdk8u201\12322\hotspot\src\share\vm\classfile\systemDictionary.cpp, l
Event: 8.616 Thread 0x000000000131e000 Exception <a 'java/lang/ClassNotFoundException': java/lang/ObjectCustomizer> (0x000000076bc85b88) thrown at [C:\re\workspace\8-2-build-windows-amd64-cygwin\jdk8u201\12322\hotspot\src\share\vm\classfile\systemDictionary.cpp, line 210]
Event: 8.616 Thread 0x000000000131e000 Exception <a 'java/lang/ClassNotFoundException': com/liwinon/phoneScanning/service/UtilServiceImplCustomizer> (0x000000076bca58f0) thrown at [C:\re\workspace\8-2-build-windows-amd64-cygwin\jdk8u201\12322\hotspot\src\share\vm\classfile\systemDictionary.cpp
Event: 8.617 Thread 0x000000000131e000 Exception <a 'java/lang/ClassNotFoundException': com/liwinon/phoneScanning/service/UtilServiceCustomizer> (0x000000076bccf548) thrown at [C:\re\workspace\8-2-build-windows-amd64-cygwin\jdk8u201\12322\hotspot\src\share\vm\classfile\systemDictionary.cpp, li
Event: 8.633 Thread 0x000000000131e000 Exception <a 'java/lang/ClassNotFoundException': java/lang/ObjectCustomizer> (0x000000076bd1d908) thrown at [C:\re\workspace\8-2-build-windows-amd64-cygwin\jdk8u201\12322\hotspot\src\share\vm\classfile\systemDictionary.cpp, line 210]
Event: 8.634 Thread 0x000000000131e000 Exception <a 'java/lang/ClassNotFoundException': com/liwinon/phoneScanning/entity/InvoiceCustomizer> (0x000000076bd3a490) thrown at [C:\re\workspace\8-2-build-windows-amd64-cygwin\jdk8u201\12322\hotspot\src\share\vm\classfile\systemDictionary.cpp, line 21

Events (10 events):
Event: 8.633 loading class java/lang/ObjectCustomizer
Event: 8.633 loading class java/lang/ObjectCustomizer done
Event: 8.633 loading class java/lang/ObjectCustomizer
Event: 8.633 loading class java/lang/ObjectCustomizer done
Event: 8.634 loading class com/liwinon/phoneScanning/entity/InvoiceCustomizer
Event: 8.634 loading class com/liwinon/phoneScanning/entity/InvoiceCustomizer done
Event: 8.634 loading class com/liwinon/phoneScanning/entity/InvoiceCustomizer
Event: 8.634 loading class com/liwinon/phoneScanning/entity/InvoiceCustomizer done
Event: 8.634 loading class com/liwinon/phoneScanning/entity/InvoiceCustomizer
Event: 8.634 loading class com/liwinon/phoneScanning/entity/InvoiceCustomizer done


Dynamic libraries:
0x00007ff63f690000 - 0x00007ff63f6c7000 	D:\jdk1.8\jre\bin\java.exe
0x00007ffd15960000 - 0x00007ffd15b4d000 	C:\Windows\SYSTEM32\ntdll.dll
0x00007ffd13ba0000 - 0x00007ffd13c53000 	C:\Windows\System32\KERNEL32.DLL
0x00007ffd126f0000 - 0x00007ffd12983000 	C:\Windows\System32\KERNELBASE.dll
0x00007ffd12e10000 - 0x00007ffd12eb3000 	C:\Windows\System32\ADVAPI32.dll
0x00007ffd13df0000 - 0x00007ffd13e8e000 	C:\Windows\System32\msvcrt.dll
0x00007ffd12d70000 - 0x00007ffd12e0e000 	C:\Windows\System32\sechost.dll
0x00007ffd14220000 - 0x00007ffd14342000 	C:\Windows\System32\RPCRT4.dll
0x00007ffd130f0000 - 0x00007ffd13287000 	C:\Windows\System32\USER32.dll
0x00007ffd11b60000 - 0x00007ffd11b80000 	C:\Windows\System32\win32u.dll
0x00007ffd12b90000 - 0x00007ffd12bb9000 	C:\Windows\System32\GDI32.dll
0x00007ffd124b0000 - 0x00007ffd1264a000 	C:\Windows\System32\gdi32full.dll
0x00007ffd12990000 - 0x00007ffd12a30000 	C:\Windows\System32\msvcp_win.dll
0x00007ffd12a30000 - 0x00007ffd12b2c000 	C:\Windows\System32\ucrtbase.dll
0x00007ffcfeb30000 - 0x00007ffcfeda9000 	C:\Windows\WinSxS\amd64_microsoft.windows.common-controls_6595b64144ccf1df_6.0.17763.316_none_05b53be2071f46b6\COMCTL32.dll
0x00007ffd13e90000 - 0x00007ffd141bd000 	C:\Windows\System32\combase.dll
0x00007ffd12650000 - 0x00007ffd126ce000 	C:\Windows\System32\bcryptPrimitives.dll
0x00007ffd14400000 - 0x00007ffd1442e000 	C:\Windows\System32\IMM32.DLL
0x000000006cee0000 - 0x000000006cfb1000 	D:\jdk1.8\jre\bin\msvcr100.dll
0x000000006b580000 - 0x000000006be24000 	D:\jdk1.8\jre\bin\server\jvm.dll
0x00007ffd130e0000 - 0x00007ffd130e8000 	C:\Windows\System32\PSAPI.DLL
0x00007ffd0d790000 - 0x00007ffd0d79a000 	C:\Windows\SYSTEM32\VERSION.dll
0x00007ffd06cb0000 - 0x00007ffd06cb9000 	C:\Windows\SYSTEM32\WSOCK32.dll
0x00007ffd13b30000 - 0x00007ffd13b9d000 	C:\Windows\System32\WS2_32.dll
0x00007ffd06ff0000 - 0x00007ffd07014000 	C:\Windows\SYSTEM32\WINMM.dll
0x00007ffd06120000 - 0x00007ffd0614d000 	C:\Windows\SYSTEM32\WINMMBASE.dll
0x00007ffd11ae0000 - 0x00007ffd11b2a000 	C:\Windows\System32\cfgmgr32.dll
0x00007ffd097e0000 - 0x00007ffd097ef000 	D:\jdk1.8\jre\bin\verify.dll
0x00007ffcfb540000 - 0x00007ffcfb569000 	D:\jdk1.8\jre\bin\java.dll
0x00007ffd093a0000 - 0x00007ffd093b6000 	D:\jdk1.8\jre\bin\zip.dll
0x00007ffd14430000 - 0x00007ffd1591f000 	C:\Windows\System32\SHELL32.dll
0x00007ffd13770000 - 0x00007ffd13818000 	C:\Windows\System32\shcore.dll
0x00007ffd11d60000 - 0x00007ffd124aa000 	C:\Windows\System32\windows.storage.dll
0x00007ffd119e0000 - 0x00007ffd11a04000 	C:\Windows\System32\profapi.dll
0x00007ffd11980000 - 0x00007ffd119dd000 	C:\Windows\System32\powrprof.dll
0x00007ffd13c60000 - 0x00007ffd13cb2000 	C:\Windows\System32\shlwapi.dll
0x00007ffd11960000 - 0x00007ffd11971000 	C:\Windows\System32\kernel.appcore.dll
0x00007ffd126d0000 - 0x00007ffd126e7000 	C:\Windows\System32\cryptsp.dll
0x00007ffd09230000 - 0x00007ffd0923d000 	D:\jdk1.8\jre\bin\management.dll
0x00007ffd06cc0000 - 0x00007ffd06cda000 	D:\jdk1.8\jre\bin\net.dll
0x00007ffd07720000 - 0x00007ffd078f7000 	C:\Windows\SYSTEM32\urlmon.dll
0x00007ffd0a670000 - 0x00007ffd0a918000 	C:\Windows\SYSTEM32\iertutil.dll
0x00007ffd11360000 - 0x00007ffd1136c000 	C:\Windows\SYSTEM32\CRYPTBASE.DLL
0x00007ffd11190000 - 0x00007ffd111f7000 	C:\Windows\system32\mswsock.dll
0x00007ffcfb440000 - 0x00007ffcfb451000 	D:\jdk1.8\jre\bin\nio.dll
0x00007ffd0ad90000 - 0x00007ffd0ada6000 	C:\Windows\system32\napinsp.dll
0x00007ffd0ad70000 - 0x00007ffd0ad8a000 	C:\Windows\system32\pnrpnsp.dll
0x00007ffd10f30000 - 0x00007ffd10ff6000 	C:\Windows\SYSTEM32\DNSAPI.dll
0x00007ffd15920000 - 0x00007ffd15928000 	C:\Windows\System32\NSI.dll
0x00007ffd10ef0000 - 0x00007ffd10f2d000 	C:\Windows\SYSTEM32\IPHLPAPI.DLL
0x00007ffd0ae00000 - 0x00007ffd0ae0e000 	C:\Windows\System32\winrnr.dll
0x00007ffd0c480000 - 0x00007ffd0c49b000 	C:\Windows\system32\NLAapi.dll
0x00007ffd0b2c0000 - 0x00007ffd0b2d5000 	C:\Windows\system32\wshbth.dll
0x00007ffd0c2e0000 - 0x00007ffd0c2ea000 	C:\Windows\System32\rasadhlp.dll
0x00007ffd0e000000 - 0x00007ffd0e079000 	C:\Windows\System32\fwpuclnt.dll
0x00007ffd11b30000 - 0x00007ffd11b56000 	C:\Windows\System32\bcrypt.dll
0x00007ffd10d50000 - 0x00007ffd10d83000 	C:\Windows\system32\rsaenh.dll
0x00007ffd11860000 - 0x00007ffd11888000 	C:\Windows\SYSTEM32\USERENV.dll
0x00007ffd0dd00000 - 0x00007ffd0dd16000 	C:\Windows\SYSTEM32\dhcpcsvc6.DLL
0x00007ffd0dcb0000 - 0x00007ffd0dccc000 	C:\Windows\SYSTEM32\dhcpcsvc.DLL

VM Arguments:
java_command: C:\Users\190226~1\AppData\Local\Temp\surefire5967270800233369167\surefirebooter2417759266262106283.jar C:\Users\1902268014\AppData\Local\Temp\surefire5967270800233369167 2019-04-09T08-20-48_492-jvmRun1 surefire623061363103156727tmp surefire_04144819697110936109tmp
java_class_path (initial): C:\Users\190226~1\AppData\Local\Temp\surefire5967270800233369167\surefirebooter2417759266262106283.jar
Launcher Type: SUN_STANDARD

Environment Variables:
JAVA_HOME=D:\jdk1.8
CLASSPATH=.;D:\jdk1.8\lib;D:\jdk1.8\lib\dt.jar;D:\jdk1.8\lib\tools.jar
PATH=C:\Program Files (x86)\Common Files\Oracle\Java\javapath;F:\oracle\XiongJL\product\11.2.0\dbhome_1\bin;C:\Windows\system32;C:\Windows;C:\Windows\System32\Wbem;C:\Windows\System32\WindowsPowerShell\v1.0\;C:\Windows\System32\OpenSSH\;C:\Program Files\dotnet\;C:\Program Files\Microsoft SQL Server\130\Tools\Binn\;"D:\jdk1.8\bin;D:\jdk1.8\jre\bin";D:\apache-maven-3.6.0\bin;C:\Program Files\Microsoft SQL Server\110\DTS\Binn\;C:\Program Files (x86)\Microsoft SQL Server\110\Tools\Binn\;C:\Program Files\Microsoft SQL Server\110\Tools\Binn\;C:\Program Files (x86)\Microsoft SQL Server\110\Tools\Binn\ManagementStudio\;C:\Program Files (x86)\Microsoft Visual Studio 10.0\Common7\IDE\PrivateAssemblies\;C:\Program Files (x86)\Microsoft SQL Server\110\DTS\Binn\;E:\mysql-5.7.17-winx64\bin;D:\node.js\;C:\Program Files\Git\cmd;C:\Users\1902268014\AppData\Local\Microsoft\WindowsApps;D:\Microsoft VS Code\bin;C:\Users\1902268014\AppData\Roaming\npm
USERNAME=1902268014
OS=Windows_NT
PROCESSOR_IDENTIFIER=Intel64 Family 6 Model 158 Stepping 9, GenuineIntel



---------------  S Y S T E M  ---------------

OS: Windows 10.0 , 64 bit Build 17763 (10.0.17763.292)

CPU:total 4 (initial active 4) (4 cores per cpu, 1 threads per core) family 6 model 158 stepping 9, cmov, cx8, fxsr, mmx, sse, sse2, sse3, ssse3, sse4.1, sse4.2, popcnt, avx, avx2, aes, clmul, erms, rtm, 3dnowpref, lzcnt, tsc, tscinvbit, bmi1, bmi2, adx

Memory: 4k page, physical 16657800k(566160k free), swap 31310212k(94452k free)

vm_info: Java HotSpot(TM) 64-Bit Server VM (25.201-b09) for windows-amd64 JRE (1.8.0_201-b09), built on Dec 15 2018 18:36:39 by "java_re" with MS VC++ 10.0 (VS2010)

time: Tue Apr 09 08:20:57 2019
timezone: 中国标准时间
elapsed time: 8 seconds (0d 0h 0m 8s)

